<?xml version="1.0" encoding="UTF-8"?>
<!-- Generated by org.testng.reporters.JUnitReportReporter -->
<testsuite hostname="DESKTOP-R8VL221" failures="0" tests="6" name="testCase.Tc" time="104.794" errors="0" timestamp="2023-10-13T15:04:46 IST" skipped="1">
  <testcase classname="testCase.Tc" name="verifyUrl" time="18.273"/>
  <system-out/>
  <testcase classname="testCase.Tc" name="verifyLoginWithValidCredential" time="20.915"/>
  <system-out/>
  <testcase classname="testCase.Tc" name="verifyScrollDown" time="25.245"/>
  <system-out/>
  <testcase classname="testCase.Tc" name="verifyGetWindowHandle" time="24.659"/>
  <system-out/>
  <testcase classname="testCase.Tc" name="verifyCookiesHandle" time="15.702"/>
  <system-out/>
  <testcase classname="testCase.Tc" name="giftcardpage">
    <skipped/>
  </testcase> <!-- giftcardpage -->
  <system-out/>
</testsuite> <!-- testCase.Tc -->
